\BOOKMARK [0][-]{chapter.1}{Capitulo 1}{}% 1
\BOOKMARK [1][-]{section.1.1}{Introduccion}{chapter.1}% 2
\BOOKMARK [1][-]{section.1.2}{Planteamiento del problema}{chapter.1}% 3
\BOOKMARK [2][-]{subsection.1.2.1}{Problem\341tica}{section.1.2}% 4
\BOOKMARK [1][-]{section.1.3}{Propuesta de soluci\363n}{chapter.1}% 5
\BOOKMARK [1][-]{section.1.4}{Estado del arte}{chapter.1}% 6
\BOOKMARK [1][-]{section.1.5}{Justificaci\363n}{chapter.1}% 7
\BOOKMARK [1][-]{section.1.6}{Objetivos}{chapter.1}% 8
\BOOKMARK [2][-]{subsection.1.6.1}{General}{section.1.6}% 9
\BOOKMARK [2][-]{subsection.1.6.2}{Especificos}{section.1.6}% 10
\BOOKMARK [1][-]{section.1.7}{Arquitectura de la red distribuida}{chapter.1}% 11
\BOOKMARK [1][-]{section.1.8}{Alcances y Limitaciones}{chapter.1}% 12
\BOOKMARK [2][-]{subsection.1.8.1}{Limitaciones}{section.1.8}% 13
\BOOKMARK [2][-]{subsection.1.8.2}{Alcances}{section.1.8}% 14
\BOOKMARK [2][-]{subsection.1.8.3}{Prototipo 1}{section.1.8}% 15
\BOOKMARK [2][-]{subsection.1.8.4}{Prototipo 2}{section.1.8}% 16
\BOOKMARK [0][-]{chapter.2}{Marco te\363rico}{}% 17
\BOOKMARK [1][-]{section.2.1}{Marco Te\363rico}{chapter.2}% 18
\BOOKMARK [2][-]{subsection.2.1.1}{Big Data}{section.2.1}% 19
\BOOKMARK [2][-]{subsection.2.1.2}{Miner\355a de datos}{section.2.1}% 20
\BOOKMARK [2][-]{subsection.2.1.3}{\301rboles de decisi\363n}{section.2.1}% 21
\BOOKMARK [2][-]{subsection.2.1.4}{ID3 \(Iterative Dichotomiser 3\)}{section.2.1}% 22
\BOOKMARK [2][-]{subsection.2.1.5}{C4.5}{section.2.1}% 23
\BOOKMARK [2][-]{subsection.2.1.6}{Algoritmo KNN \(K-Nearest Neighbor\)}{section.2.1}% 24
\BOOKMARK [2][-]{subsection.2.1.7}{Algoritmo K-Means}{section.2.1}% 25
\BOOKMARK [2][-]{subsection.2.1.8}{MapReduce}{section.2.1}% 26
\BOOKMARK [2][-]{subsection.2.1.9}{Hadoop}{section.2.1}% 27
\BOOKMARK [2][-]{subsection.2.1.10}{Apache Spark}{section.2.1}% 28
\BOOKMARK [0][-]{chapter.3}{Evaluaci\363n y definici\363n de requerimientos de la red distribuida}{}% 29
\BOOKMARK [1][-]{section.3.1}{Descripci\363n del prototipo}{chapter.3}% 30
\BOOKMARK [1][-]{section.3.2}{An\341lisis}{chapter.3}% 31
\BOOKMARK [2][-]{subsection.3.2.1}{An\341lisis de la red distribuida}{section.3.2}% 32
\BOOKMARK [2][-]{subsection.3.2.2}{An\341lisis de los datos}{section.3.2}% 33
\BOOKMARK [1][-]{section.3.3}{Dise\361o}{chapter.3}% 34
\BOOKMARK [2][-]{subsection.3.3.1}{Dise\361o de la red distribuida}{section.3.3}% 35
\BOOKMARK [2][-]{subsection.3.3.2}{Dise\361o de propuesta de agrupaci\363n de acuerdo a los nodos definidos en la red distribuida}{section.3.3}% 36
\BOOKMARK [1][-]{section.3.4}{Desarrollo}{chapter.3}% 37
\BOOKMARK [1][-]{section.3.5}{Pruebas}{chapter.3}% 38
\BOOKMARK [0][-]{chapter.4}{Integraci\363n de requerimientos de la red distribuida}{}% 39
\BOOKMARK [1][-]{section.4.1}{Descripci\363n del prototipo}{chapter.4}% 40
\BOOKMARK [1][-]{section.4.2}{An\341lisis}{chapter.4}% 41
\BOOKMARK [2][-]{subsection.4.2.1}{An\341lisis de la adaptaci\363n de los datos a la red distribuida}{section.4.2}% 42
\BOOKMARK [1][-]{section.4.3}{Dise\361o}{chapter.4}% 43
\BOOKMARK [2][-]{subsection.4.3.1}{Dise\361o de la red distribuida con nodos de datos}{section.4.3}% 44
\BOOKMARK [2][-]{subsection.4.3.2}{Dise\361o de pruebas de obtenci\363n de informaci\363n}{section.4.3}% 45
\BOOKMARK [1][-]{section.4.4}{Desarrollo}{chapter.4}% 46
\BOOKMARK [2][-]{subsection.4.4.1}{Algoritmo de prueba}{section.4.4}% 47
\BOOKMARK [1][-]{section.4.5}{Pruebas}{chapter.4}% 48
\BOOKMARK [0][-]{chapter.5}{Instalador de Luminus}{}% 49
\BOOKMARK [1][-]{section.5.1}{Descripci\363n del prototipo}{chapter.5}% 50
\BOOKMARK [1][-]{section.5.2}{An\341lisis}{chapter.5}% 51
\BOOKMARK [1][-]{section.5.3}{Dise\361o}{chapter.5}% 52
\BOOKMARK [1][-]{section.5.4}{Desarrollo}{chapter.5}% 53
\BOOKMARK [1][-]{section.5.5}{Pruebas}{chapter.5}% 54
\BOOKMARK [0][-]{chapter.6}{Pruebas}{}% 55
\BOOKMARK [1][-]{section.6.1}{Pruebas}{chapter.6}% 56
\BOOKMARK [0][-]{chapter.7}{Conclusiones}{}% 57
\BOOKMARK [1][-]{section.7.1}{Conclusiones}{chapter.7}% 58
\BOOKMARK [0][-]{chapter.8}{Trabajo a futuro}{}% 59
\BOOKMARK [1][-]{section.8.1}{Trabajo a futuro}{chapter.8}% 60
\BOOKMARK [2][-]{subsection.8.1.1}{Prototipo 3: P\341gina web y algoritmos de miner\355a de datos}{section.8.1}% 61
\BOOKMARK [2][-]{subsection.8.1.2}{Prototipo 4: Algoritmos de miner\355a de datos desde una pagina web}{section.8.1}% 62
\BOOKMARK [2][-]{subsection.8.1.3}{Prototipo 5: Luminus}{section.8.1}% 63
\BOOKMARK [2][-]{subsection.8.1.4}{Propuesta de trabajo a futuro para contribuir a esta idea}{section.8.1}% 64
\BOOKMARK [0][-]{chapter.9}{Anexos}{}% 65
\BOOKMARK [1][-]{section.9.1}{Anexo A: Codigo JAVA Map-Reduce}{chapter.9}% 66
\BOOKMARK [1][-]{section.9.2}{Anexo B: C\363digo del instalador}{chapter.9}% 67
